[33mStarting up http-server, serving [39m[36m./[39m[33m
Available on:[39m
[32m  http://127.0.0.1:8080[39m
[32m  http://10.105.206.138:8080[39m
Hit CTRL-C to stop the server
[Wed Mar 08 2017 20:06:16 GMT+0800 (CST)] "[36mGET[39m [36m/[39m" "Mozilla/5.0 (Windows NT 10.0; WOW64) AppleWebKit/537.36 (KHTML, like Gecko) Chrome/56.0.2924.87 Safari/537.36"
[Wed Mar 08 2017 20:06:17 GMT+0800 (CST)] "[36mGET[39m [36m/favicon.ico[39m" "Mozilla/5.0 (Windows NT 10.0; WOW64) AppleWebKit/537.36 (KHTML, like Gecko) Chrome/56.0.2924.87 Safari/537.36"
[Wed Mar 08 2017 20:06:17 GMT+0800 (CST)] "[31mGET[39m [31m/favicon.ico[39m" Error ([31m404[39m): "[31mNot found[39m"
[Wed Mar 08 2017 20:06:18 GMT+0800 (CST)] "[36mGET[39m [36m/libs/three.js[39m" "Mozilla/5.0 (Windows NT 10.0; WOW64) AppleWebKit/537.36 (KHTML, like Gecko) Chrome/56.0.2924.87 Safari/537.36"
[Wed Mar 08 2017 20:06:18 GMT+0800 (CST)] "[36mGET[39m [36m/libs/jquery-1.9.0.js[39m" "Mozilla/5.0 (Windows NT 10.0; WOW64) AppleWebKit/537.36 (KHTML, like Gecko) Chrome/56.0.2924.87 Safari/537.36"
[Wed Mar 08 2017 20:31:00 GMT+0800 (CST)] "[36mGET[39m [36m/favicon.ico[39m" "Mozilla/5.0 (Windows NT 10.0; WOW64) AppleWebKit/537.36 (KHTML, like Gecko) Chrome/56.0.2924.87 Safari/537.36"
[Wed Mar 08 2017 20:31:00 GMT+0800 (CST)] "[31mGET[39m [31m/favicon.ico[39m" Error ([31m404[39m): "[31mNot found[39m"
[Wed Mar 08 2017 20:31:03 GMT+0800 (CST)] "[36mGET[39m [36m/chapter-12/[39m" "Mozilla/5.0 (Windows NT 10.0; WOW64) AppleWebKit/537.36 (KHTML, like Gecko) Chrome/56.0.2924.87 Safari/537.36"
[Wed Mar 08 2017 20:31:05 GMT+0800 (CST)] "[36mGET[39m [36m/chapter-04/[39m" "Mozilla/5.0 (Windows NT 10.0; WOW64) AppleWebKit/537.36 (KHTML, like Gecko) Chrome/56.0.2924.87 Safari/537.36"
[Wed Mar 08 2017 20:31:07 GMT+0800 (CST)] "[36mGET[39m [36m/chapter-04/04-mesh-normal-material.html[39m" "Mozilla/5.0 (Windows NT 10.0; WOW64) AppleWebKit/537.36 (KHTML, like Gecko) Chrome/56.0.2924.87 Safari/537.36"
[Wed Mar 08 2017 20:31:07 GMT+0800 (CST)] "[36mGET[39m [36m/libs/stats.js[39m" "Mozilla/5.0 (Windows NT 10.0; WOW64) AppleWebKit/537.36 (KHTML, like Gecko) Chrome/56.0.2924.87 Safari/537.36"
[Wed Mar 08 2017 20:31:07 GMT+0800 (CST)] "[36mGET[39m [36m/libs/dat.gui.js[39m" "Mozilla/5.0 (Windows NT 10.0; WOW64) AppleWebKit/537.36 (KHTML, like Gecko) Chrome/56.0.2924.87 Safari/537.36"
[Wed Mar 08 2017 20:31:07 GMT+0800 (CST)] "[36mGET[39m [36m/libs/CanvasRenderer.js[39m" "Mozilla/5.0 (Windows NT 10.0; WOW64) AppleWebKit/537.36 (KHTML, like Gecko) Chrome/56.0.2924.87 Safari/537.36"
[Wed Mar 08 2017 20:31:07 GMT+0800 (CST)] "[36mGET[39m [36m/libs/Projector.js[39m" "Mozilla/5.0 (Windows NT 10.0; WOW64) AppleWebKit/537.36 (KHTML, like Gecko) Chrome/56.0.2924.87 Safari/537.36"
[Wed Mar 08 2017 20:31:15 GMT+0800 (CST)] "[36mGET[39m [36m/chapter-04/05-mesh-face-material.html[39m" "Mozilla/5.0 (Windows NT 10.0; WOW64) AppleWebKit/537.36 (KHTML, like Gecko) Chrome/56.0.2924.87 Safari/537.36"
[Wed Mar 08 2017 20:31:18 GMT+0800 (CST)] "[36mGET[39m [36m/chapter-04/06-mesh-lambert-material.html[39m" "Mozilla/5.0 (Windows NT 10.0; WOW64) AppleWebKit/537.36 (KHTML, like Gecko) Chrome/56.0.2924.87 Safari/537.36"
[Wed Mar 08 2017 20:31:20 GMT+0800 (CST)] "[36mGET[39m [36m/chapter-04/07-mesh-phong-material.html[39m" "Mozilla/5.0 (Windows NT 10.0; WOW64) AppleWebKit/537.36 (KHTML, like Gecko) Chrome/56.0.2924.87 Safari/537.36"
[Wed Mar 08 2017 20:31:25 GMT+0800 (CST)] "[36mGET[39m [36m/chapter-05/[39m" "Mozilla/5.0 (Windows NT 10.0; WOW64) AppleWebKit/537.36 (KHTML, like Gecko) Chrome/56.0.2924.87 Safari/537.36"
[Wed Mar 08 2017 20:31:27 GMT+0800 (CST)] "[36mGET[39m [36m/chapter-05/01-basic-2d-geometries-plane.html[39m" "Mozilla/5.0 (Windows NT 10.0; WOW64) AppleWebKit/537.36 (KHTML, like Gecko) Chrome/56.0.2924.87 Safari/537.36"
[Wed Mar 08 2017 20:31:30 GMT+0800 (CST)] "[36mGET[39m [36m/chapter-06/[39m" "Mozilla/5.0 (Windows NT 10.0; WOW64) AppleWebKit/537.36 (KHTML, like Gecko) Chrome/56.0.2924.87 Safari/537.36"
[Wed Mar 08 2017 20:31:32 GMT+0800 (CST)] "[36mGET[39m [36m/chapter-06/04-extrude-tube.html[39m" "Mozilla/5.0 (Windows NT 10.0; WOW64) AppleWebKit/537.36 (KHTML, like Gecko) Chrome/56.0.2924.87 Safari/537.36"
[Wed Mar 08 2017 20:31:36 GMT+0800 (CST)] "[36mGET[39m [36m/chapter-07/[39m" "Mozilla/5.0 (Windows NT 10.0; WOW64) AppleWebKit/537.36 (KHTML, like Gecko) Chrome/56.0.2924.87 Safari/537.36"
[Wed Mar 08 2017 20:31:39 GMT+0800 (CST)] "[36mGET[39m [36m/chapter-08/[39m" "Mozilla/5.0 (Windows NT 10.0; WOW64) AppleWebKit/537.36 (KHTML, like Gecko) Chrome/56.0.2924.87 Safari/537.36"
[Wed Mar 08 2017 20:31:41 GMT+0800 (CST)] "[36mGET[39m [36m/chapter-08/13-load-PLY.html[39m" "Mozilla/5.0 (Windows NT 10.0; WOW64) AppleWebKit/537.36 (KHTML, like Gecko) Chrome/56.0.2924.87 Safari/537.36"
[Wed Mar 08 2017 20:31:41 GMT+0800 (CST)] "[36mGET[39m [36m/libs/PLYLoader.js[39m" "Mozilla/5.0 (Windows NT 10.0; WOW64) AppleWebKit/537.36 (KHTML, like Gecko) Chrome/56.0.2924.87 Safari/537.36"
[Wed Mar 08 2017 20:31:42 GMT+0800 (CST)] "[36mGET[39m [36m/assets/models/test.ply[39m" "Mozilla/5.0 (Windows NT 10.0; WOW64) AppleWebKit/537.36 (KHTML, like Gecko) Chrome/56.0.2924.87 Safari/537.36"
[Wed Mar 08 2017 20:31:48 GMT+0800 (CST)] "[36mGET[39m [36m/chapter-08/01-grouping.html[39m" "Mozilla/5.0 (Windows NT 10.0; WOW64) AppleWebKit/537.36 (KHTML, like Gecko) Chrome/56.0.2924.87 Safari/537.36"
[Wed Mar 08 2017 20:31:50 GMT+0800 (CST)] "[36mGET[39m [36m/chapter-09/[39m" "Mozilla/5.0 (Windows NT 10.0; WOW64) AppleWebKit/537.36 (KHTML, like Gecko) Chrome/56.0.2924.87 Safari/537.36"
[Wed Mar 08 2017 20:31:55 GMT+0800 (CST)] "[36mGET[39m [36m/chapter-10/[39m" "Mozilla/5.0 (Windows NT 10.0; WOW64) AppleWebKit/537.36 (KHTML, like Gecko) Chrome/56.0.2924.87 Safari/537.36"
[Wed Mar 08 2017 20:31:57 GMT+0800 (CST)] "[36mGET[39m [36m/chapter-10/01-basic-texture-dds.html[39m" "Mozilla/5.0 (Windows NT 10.0; WOW64) AppleWebKit/537.36 (KHTML, like Gecko) Chrome/56.0.2924.87 Safari/537.36"
[Wed Mar 08 2017 20:31:57 GMT+0800 (CST)] "[36mGET[39m [36m/libs/DDSLoader.js[39m" "Mozilla/5.0 (Windows NT 10.0; WOW64) AppleWebKit/537.36 (KHTML, like Gecko) Chrome/56.0.2924.87 Safari/537.36"
[Wed Mar 08 2017 20:31:57 GMT+0800 (CST)] "[36mGET[39m [36m/assets/textures/seafloor.dds[39m" "Mozilla/5.0 (Windows NT 10.0; WOW64) AppleWebKit/537.36 (KHTML, like Gecko) Chrome/56.0.2924.87 Safari/537.36"
[Wed Mar 08 2017 20:49:49 GMT+0800 (CST)] "[36mGET[39m [36m/chapter-01[39m" "Mozilla/5.0 (Windows NT 6.1; WOW64) AppleWebKit/537.36 (KHTML, like Gecko) Chrome/43.0.2357.124 Safari/537.36"
[Wed Mar 08 2017 20:49:49 GMT+0800 (CST)] "[36mGET[39m [36m/chapter-01/[39m" "Mozilla/5.0 (Windows NT 6.1; WOW64) AppleWebKit/537.36 (KHTML, like Gecko) Chrome/43.0.2357.124 Safari/537.36"
[Wed Mar 08 2017 21:27:09 GMT+0800 (CST)] "[36mGET[39m [36m/[39m" "Mozilla/5.0 (Windows NT 10.0; WOW64) AppleWebKit/537.36 (KHTML, like Gecko) Chrome/56.0.2924.87 Safari/537.36"
[Wed Mar 08 2017 21:27:10 GMT+0800 (CST)] "[36mGET[39m [36m/favicon.ico[39m" "Mozilla/5.0 (Windows NT 10.0; WOW64) AppleWebKit/537.36 (KHTML, like Gecko) Chrome/56.0.2924.87 Safari/537.36"
[Wed Mar 08 2017 21:27:10 GMT+0800 (CST)] "[31mGET[39m [31m/favicon.ico[39m" Error ([31m404[39m): "[31mNot found[39m"
[Wed Mar 08 2017 21:27:13 GMT+0800 (CST)] "[36mGET[39m [36m/myThreejs/[39m" "Mozilla/5.0 (Windows NT 10.0; WOW64) AppleWebKit/537.36 (KHTML, like Gecko) Chrome/56.0.2924.87 Safari/537.36"
[Wed Mar 08 2017 22:06:53 GMT+0800 (CST)] "[36mGET[39m [36m/chapter-01/03-materials-light.html[39m" "Mozilla/5.0 (Windows NT 6.1; WOW64; rv:50.0) Gecko/20100101 Firefox/50.0"
[Wed Mar 08 2017 22:06:53 GMT+0800 (CST)] "[36mGET[39m [36m/libs/three.js[39m" "Mozilla/5.0 (Windows NT 6.1; WOW64) AppleWebKit/537.36 (KHTML, like Gecko) Chrome/56.0.2924.87 Safari/537.36"
[Wed Mar 08 2017 22:06:53 GMT+0800 (CST)] "[36mGET[39m [36m/libs/stats.js[39m" "Mozilla/5.0 (Windows NT 6.1; WOW64) AppleWebKit/537.36 (KHTML, like Gecko) Chrome/56.0.2924.87 Safari/537.36"
[Wed Mar 08 2017 22:06:53 GMT+0800 (CST)] "[36mGET[39m [36m/libs/dat.gui.js[39m" "Mozilla/5.0 (Macintosh; Intel Mac OS X 10_12_4) AppleWebKit/537.36 (KHTML, like Gecko) 			Chrome/55.0.2883.95 Safari/537.36"
[Wed Mar 08 2017 22:44:30 GMT+0800 (CST)] "[36mGET[39m [36m/[39m" "undefined"
[Wed Mar 08 2017 22:56:04 GMT+0800 (CST)] "[36mGET[39m [36m/assets/textures/seafloor.dds[39m" "Mozilla/5.0 (Windows NT 6.1; WOW64) AppleWebKit/537.36 (KHTML, like Gecko) Chrome/56.0.2924.87 Safari/537.36"
[Wed Mar 08 2017 22:58:13 GMT+0800 (CST)] "[36mGET[39m [36m/chapter-08/13-load-PLY.html[39m" "Mozilla/5.0 (Windows NT 6.1; WOW64) AppleWebKit/537.36 (KHTML, like Gecko) Chrome/53.0.2785.104 Safari/537.36 Core/1.53.2141.400 QQBrowser/9.5.10219.400"
[Wed Mar 08 2017 22:58:13 GMT+0800 (CST)] "[36mGET[39m [36m/libs/three.js[39m" "Mozilla/5.0 (Windows NT 6.1; WOW64) AppleWebKit/537.36 (KHTML, like Gecko) Chrome/45.0.2454.101 Safari/537.36"
[Wed Mar 08 2017 22:58:13 GMT+0800 (CST)] "[36mGET[39m [36m/libs/PLYLoader.js[39m" "Mozilla/5.0 (Windows NT 6.1; WOW64; Trident/7.0; SLCC2; .NET CLR 2.0.50727; .NET CLR 3.5.30729; .NET CLR 3.0.30729; Media Center PC 6.0; .NET4.0C; .NET4.0E; InfoPath.3; rv:11.0) like Gecko"
[Wed Mar 08 2017 22:58:13 GMT+0800 (CST)] "[36mGET[39m [36m/libs/stats.js[39m" "Mozilla/5.0 (Windows NT 6.1; WOW64; rv:50.0) Gecko/20100101 Firefox/50.0"
[Wed Mar 08 2017 22:58:13 GMT+0800 (CST)] "[36mGET[39m [36m/libs/dat.gui.js[39m" "Mozilla/5.0 (Windows NT 6.1; WOW64) AppleWebKit/537.36 (KHTML, like Gecko) Chrome/45.0.2454.101 Safari/537.36"
[Wed Mar 08 2017 22:59:54 GMT+0800 (CST)] "[36mGET[39m [36m/chapter-04/06-mesh-lambert-material.html[39m" "Mozilla/5.0 (Macintosh; Intel Mac OS X 10_12_4) AppleWebKit/537.36 (KHTML, like Gecko) 			Chrome/55.0.2883.95 Safari/537.36"
[Wed Mar 08 2017 22:59:55 GMT+0800 (CST)] "[36mGET[39m [36m/libs/three.js[39m" "Mozilla/5.0 (Windows NT 6.1; WOW64; Trident/7.0; SLCC2; .NET CLR 2.0.50727; .NET CLR 3.5.30729; .NET CLR 3.0.30729; Media Center PC 6.0; .NET4.0C; .NET4.0E; InfoPath.3; rv:11.0) like Gecko"
[Wed Mar 08 2017 22:59:55 GMT+0800 (CST)] "[36mGET[39m [36m/libs/stats.js[39m" "Mozilla/5.0 (Windows NT 6.1; WOW64) AppleWebKit/537.36 (KHTML, like Gecko) Chrome/43.0.2357.124 Safari/537.36"
[Wed Mar 08 2017 22:59:55 GMT+0800 (CST)] "[36mGET[39m [36m/libs/dat.gui.js[39m" "Mozilla/5.0 (Windows NT 6.1; WOW64) AppleWebKit/537.36 (KHTML, like Gecko) Chrome/56.0.2924.87 Safari/537.36"
[Wed Mar 08 2017 22:59:56 GMT+0800 (CST)] "[36mGET[39m [36m/libs/CanvasRenderer.js[39m" "Mozilla/5.0 (Windows NT 6.1; WOW64) AppleWebKit/537.36 (KHTML, like Gecko) Chrome/45.0.2454.101 Safari/537.36"
[Wed Mar 08 2017 22:59:56 GMT+0800 (CST)] "[36mGET[39m [36m/libs/Projector.js[39m" "Mozilla/5.0 (Windows NT 6.1; WOW64; Trident/7.0; SLCC2; .NET CLR 2.0.50727; .NET CLR 3.5.30729; .NET CLR 3.0.30729; Media Center PC 6.0; .NET4.0C; .NET4.0E; InfoPath.3; rv:11.0) like Gecko"
[Wed Mar 08 2017 23:05:43 GMT+0800 (CST)] "[36mGET[39m [36m/chapter-10[39m" "Mozilla/5.0 (Windows NT 6.1; WOW64) AppleWebKit/537.36 (KHTML, like Gecko) Chrome/43.0.2357.124 Safari/537.36"
[Wed Mar 08 2017 23:05:43 GMT+0800 (CST)] "[36mGET[39m [36m/chapter-10/[39m" "Mozilla/5.0 (Windows NT 6.1; WOW64) AppleWebKit/537.36 (KHTML, like Gecko) Chrome/43.0.2357.124 Safari/537.36"
[Wed Mar 08 2017 23:18:24 GMT+0800 (CST)] "[36mGET[39m [36m/chapter-10/01-basic-texture-dds.html[39m" "Mozilla/5.0 (Macintosh; Intel Mac OS X 10_12_4) AppleWebKit/537.36 (KHTML, like Gecko) 			Chrome/55.0.2883.95 Safari/537.36"
[Wed Mar 08 2017 23:18:25 GMT+0800 (CST)] "[36mGET[39m [36m/libs/three.js[39m" "Mozilla/5.0 (Windows NT 6.1; WOW64) AppleWebKit/537.36 (KHTML, like Gecko) Chrome/45.0.2454.101 Safari/537.36"
[Wed Mar 08 2017 23:18:25 GMT+0800 (CST)] "[36mGET[39m [36m/libs/stats.js[39m" "Mozilla/5.0 (Windows NT 6.1; WOW64; rv:50.0) Gecko/20100101 Firefox/50.0"
[Wed Mar 08 2017 23:18:25 GMT+0800 (CST)] "[36mGET[39m [36m/libs/dat.gui.js[39m" "Mozilla/5.0 (Windows NT 6.1; WOW64) AppleWebKit/537.36 (KHTML, like Gecko) Chrome/53.0.2785.104 Safari/537.36 Core/1.53.2141.400 QQBrowser/9.5.10219.400"
[Wed Mar 08 2017 23:18:26 GMT+0800 (CST)] "[36mGET[39m [36m/libs/DDSLoader.js[39m" "Mozilla/5.0 (Windows NT 6.1; WOW64) AppleWebKit/537.36 (KHTML, like Gecko) Chrome/43.0.2357.124 Safari/537.36"
[Wed Mar 08 2017 23:19:49 GMT+0800 (CST)] "[36mGET[39m [36m/chapter-09[39m" "Mozilla/5.0 (Windows NT 6.1; WOW64) AppleWebKit/537.36 (KHTML, like Gecko) Chrome/56.0.2924.87 Safari/537.36"
[Wed Mar 08 2017 23:19:49 GMT+0800 (CST)] "[36mGET[39m [36m/chapter-09/[39m" "Mozilla/5.0 (Windows NT 6.1; WOW64) AppleWebKit/537.36 (KHTML, like Gecko) Chrome/56.0.2924.87 Safari/537.36"
[Wed Mar 08 2017 23:22:16 GMT+0800 (CST)] "[36mGET[39m [36m/chapter-08/01-grouping.html[39m" "Mozilla/5.0 (Windows NT 6.1; WOW64) AppleWebKit/537.36 (KHTML, like Gecko) Chrome/45.0.2454.101 Safari/537.36"
[Wed Mar 08 2017 23:22:16 GMT+0800 (CST)] "[36mGET[39m [36m/chapter-04/05-mesh-face-material.html[39m" "Mozilla/5.0 (Windows NT 6.1; WOW64) AppleWebKit/537.36 (KHTML, like Gecko) Chrome/53.0.2785.104 Safari/537.36 Core/1.53.2141.400 QQBrowser/9.5.10219.400"
[Wed Mar 08 2017 23:22:16 GMT+0800 (CST)] "[36mGET[39m [36m/libs/three.js[39m" "Mozilla/5.0 (Windows NT 6.1; WOW64; rv:50.0) Gecko/20100101 Firefox/50.0"
[Wed Mar 08 2017 23:22:16 GMT+0800 (CST)] "[36mGET[39m [36m/libs/three.js[39m" "Mozilla/5.0 (Windows NT 6.1; WOW64) AppleWebKit/537.36 (KHTML, like Gecko) Chrome/43.0.2357.124 Safari/537.36"
[Wed Mar 08 2017 23:22:17 GMT+0800 (CST)] "[36mGET[39m [36m/libs/stats.js[39m" "Mozilla/5.0 (Windows NT 6.1; WOW64; rv:50.0) Gecko/20100101 Firefox/50.0"
[Wed Mar 08 2017 23:22:17 GMT+0800 (CST)] "[36mGET[39m [36m/libs/dat.gui.js[39m" "Mozilla/5.0 (Macintosh; Intel Mac OS X 10_12_4) AppleWebKit/537.36 (KHTML, like Gecko) 			Chrome/55.0.2883.95 Safari/537.36"
[Wed Mar 08 2017 23:22:17 GMT+0800 (CST)] "[36mGET[39m [36m/libs/stats.js[39m" "Mozilla/5.0 (Windows NT 6.1; WOW64) AppleWebKit/537.36 (KHTML, like Gecko) Chrome/53.0.2785.104 Safari/537.36 Core/1.53.2141.400 QQBrowser/9.5.10219.400"
[Wed Mar 08 2017 23:22:17 GMT+0800 (CST)] "[36mGET[39m [36m/libs/dat.gui.js[39m" "Mozilla/5.0 (Windows NT 6.1; WOW64) AppleWebKit/537.36 (KHTML, like Gecko) Chrome/43.0.2357.124 Safari/537.36"
[Wed Mar 08 2017 23:24:39 GMT+0800 (CST)] "[36mGET[39m [36m/chapter-12[39m" "Mozilla/5.0 (Windows NT 6.1; WOW64) AppleWebKit/537.36 (KHTML, like Gecko) Chrome/56.0.2924.87 Safari/537.36"
[Wed Mar 08 2017 23:24:39 GMT+0800 (CST)] "[36mGET[39m [36m/chapter-12/[39m" "Mozilla/5.0 (Windows NT 6.1; WOW64) AppleWebKit/537.36 (KHTML, like Gecko) Chrome/56.0.2924.87 Safari/537.36"
[Wed Mar 08 2017 23:26:52 GMT+0800 (CST)] "[36mGET[39m [36m/chapter-06/04-extrude-tube.html[39m" "Mozilla/5.0 (Macintosh; Intel Mac OS X 10_12_4) AppleWebKit/537.36 (KHTML, like Gecko) 			Chrome/55.0.2883.95 Safari/537.36"
[Wed Mar 08 2017 23:26:52 GMT+0800 (CST)] "[36mGET[39m [36m/chapter-06[39m" "Mozilla/5.0 (Windows NT 6.1; WOW64) AppleWebKit/537.36 (KHTML, like Gecko) Chrome/53.0.2785.104 Safari/537.36 Core/1.53.2141.400 QQBrowser/9.5.10219.400"
[Wed Mar 08 2017 23:26:52 GMT+0800 (CST)] "[36mGET[39m [36m/chapter-06/[39m" "Mozilla/5.0 (Windows NT 6.1; WOW64) AppleWebKit/537.36 (KHTML, like Gecko) Chrome/53.0.2785.104 Safari/537.36 Core/1.53.2141.400 QQBrowser/9.5.10219.400"
[Wed Mar 08 2017 23:26:52 GMT+0800 (CST)] "[36mGET[39m [36m/libs/three.js[39m" "Mozilla/5.0 (Windows NT 6.1; WOW64; rv:50.0) Gecko/20100101 Firefox/50.0"
[Wed Mar 08 2017 23:26:52 GMT+0800 (CST)] "[36mGET[39m [36m/libs/stats.js[39m" "Mozilla/5.0 (Windows NT 6.1; WOW64) AppleWebKit/537.36 (KHTML, like Gecko) Chrome/53.0.2785.104 Safari/537.36 Core/1.53.2141.400 QQBrowser/9.5.10219.400"
[Wed Mar 08 2017 23:26:52 GMT+0800 (CST)] "[36mGET[39m [36m/libs/dat.gui.js[39m" "Mozilla/5.0 (Windows NT 6.1; WOW64) AppleWebKit/537.36 (KHTML, like Gecko) Chrome/53.0.2785.104 Safari/537.36 Core/1.53.2141.400 QQBrowser/9.5.10219.400"
[Wed Mar 08 2017 23:31:21 GMT+0800 (CST)] "[36mGET[39m [36m/manager/html[39m" "Mozilla/5.0 (compatible; MSIE 10.0; Windows NT 6.2; WOW64; Trident/6.0)"
[Wed Mar 08 2017 23:31:21 GMT+0800 (CST)] "[31mGET[39m [31m/manager/html[39m" Error ([31m404[39m): "[31mNot found[39m"
[Wed Mar 08 2017 23:31:51 GMT+0800 (CST)] "[36mGET[39m [36m/assets/models/test.ply[39m" "Mozilla/5.0 (Windows NT 6.1; WOW64) AppleWebKit/537.36 (KHTML, like Gecko) Chrome/45.0.2454.101 Safari/537.36"
[Wed Mar 08 2017 23:59:22 GMT+0800 (CST)] "[36mGET[39m [36m/[39m" "Mozilla/5.0 (Windows NT 6.1; WOW64) AppleWebKit/537.36 (KHTML, like Gecko) Chrome/53.0.2785.104 Safari/537.36 Core/1.53.2141.400 QQBrowser/9.5.10219.400"
[Thu Mar 09 2017 00:32:26 GMT+0800 (CST)] "[36mGET[39m [36m/chapter-05[39m" "Mozilla/5.0 (iPhone; CPU iPhone OS 9_3_4 like Mac OS X) AppleWebKit/601.1.46 (KHTML, like Gecko) Mobile/13G35 QQ/6.5.3.410 V1_IPH_SQ_6.5.3_1_APP_A Pixel/750 Core/UIWebView NetType/2G Mem/117"
[Thu Mar 09 2017 00:32:26 GMT+0800 (CST)] "[36mGET[39m [36m/chapter-05/[39m" "Mozilla/5.0 (iPhone; CPU iPhone OS 9_3_4 like Mac OS X) AppleWebKit/601.1.46 (KHTML, like Gecko) Mobile/13G35 QQ/6.5.3.410 V1_IPH_SQ_6.5.3_1_APP_A Pixel/750 Core/UIWebView NetType/2G Mem/117"
[Thu Mar 09 2017 00:32:36 GMT+0800 (CST)] "[36mGET[39m [36m/chapter-05[39m" "Mozilla/5.0 (Windows NT 6.1; WOW64; rv:50.0) Gecko/20100101 Firefox/50.0"
[Thu Mar 09 2017 00:32:36 GMT+0800 (CST)] "[36mGET[39m [36m/chapter-05/[39m" "Mozilla/5.0 (Windows NT 6.1; WOW64; rv:50.0) Gecko/20100101 Firefox/50.0"
[Thu Mar 09 2017 00:44:45 GMT+0800 (CST)] "[36mGET[39m [36m/chapter-07[39m" "Mozilla/5.0 (iPhone; CPU iPhone OS 9_3_4 like Mac OS X) AppleWebKit/601.1.46 (KHTML, like Gecko) Mobile/13G35 QQ/6.5.3.410 V1_IPH_SQ_6.5.3_1_APP_A Pixel/750 Core/UIWebView NetType/2G Mem/117"
[Thu Mar 09 2017 00:44:45 GMT+0800 (CST)] "[36mGET[39m [36m/chapter-07/[39m" "Mozilla/5.0 (iPhone; CPU iPhone OS 9_3_4 like Mac OS X) AppleWebKit/601.1.46 (KHTML, like Gecko) Mobile/13G35 QQ/6.5.3.410 V1_IPH_SQ_6.5.3_1_APP_A Pixel/750 Core/UIWebView NetType/2G Mem/117"
[Thu Mar 09 2017 00:44:54 GMT+0800 (CST)] "[36mGET[39m [36m/chapter-07[39m" "Mozilla/5.0 (Windows NT 6.1; WOW64) AppleWebKit/537.36 (KHTML, like Gecko) Chrome/56.0.2924.87 Safari/537.36"
[Thu Mar 09 2017 00:44:54 GMT+0800 (CST)] "[36mGET[39m [36m/chapter-07/[39m" "Mozilla/5.0 (Windows NT 6.1; WOW64) AppleWebKit/537.36 (KHTML, like Gecko) Chrome/56.0.2924.87 Safari/537.36"
[Thu Mar 09 2017 00:48:40 GMT+0800 (CST)] "[36mGET[39m [36m/chapter-08[39m" "Mozilla/5.0 (Windows NT 6.1; WOW64) AppleWebKit/537.36 (KHTML, like Gecko) Chrome/43.0.2357.124 Safari/537.36"
[Thu Mar 09 2017 00:48:40 GMT+0800 (CST)] "[36mGET[39m [36m/chapter-08/[39m" "Mozilla/5.0 (Windows NT 6.1; WOW64) AppleWebKit/537.36 (KHTML, like Gecko) Chrome/43.0.2357.124 Safari/537.36"
[Thu Mar 09 2017 01:29:15 GMT+0800 (CST)] "[36mHEAD[39m [36mhttp://180.163.113.82/check_proxy[39m" "undefined"
[Thu Mar 09 2017 01:29:15 GMT+0800 (CST)] "[31mHEAD[39m [31mhttp://180.163.113.82/check_proxy[39m" Error ([31m404[39m): "[31mNot found[39m"
[Thu Mar 09 2017 01:31:28 GMT+0800 (CST)] "[36mGET[39m [36m/chapter-05/01-basic-2d-geometries-plane.html[39m" "Mozilla/5.0 (iPhone; CPU iPhone OS 9_3_4 like Mac OS X) AppleWebKit/601.1.46 (KHTML, like Gecko) Mobile/13G35 QQ/6.5.3.410 V1_IPH_SQ_6.5.3_1_APP_A Pixel/750 Core/UIWebView NetType/2G Mem/117"
[Thu Mar 09 2017 01:31:38 GMT+0800 (CST)] "[36mGET[39m [36m/chapter-04/07-mesh-phong-material.html[39m" "Mozilla/5.0 (Windows NT 6.1; WOW64) AppleWebKit/537.36 (KHTML, like Gecko) Chrome/56.0.2924.87 Safari/537.36"
[Thu Mar 09 2017 01:31:38 GMT+0800 (CST)] "[36mGET[39m [36m/chapter-05/01-basic-2d-geometries-plane.html[39m" "Mozilla/5.0 (Windows NT 6.1; WOW64) AppleWebKit/537.36 (KHTML, like Gecko) Chrome/53.0.2785.104 Safari/537.36 Core/1.53.2141.400 QQBrowser/9.5.10219.400"
[Thu Mar 09 2017 01:31:38 GMT+0800 (CST)] "[36mGET[39m [36m/libs/three.js[39m" "Mozilla/5.0 (Windows NT 6.1; WOW64) AppleWebKit/537.36 (KHTML, like Gecko) Chrome/43.0.2357.124 Safari/537.36"
[Thu Mar 09 2017 01:31:38 GMT+0800 (CST)] "[36mGET[39m [36m/libs/three.js[39m" "Mozilla/5.0 (Windows NT 6.1; WOW64; Trident/7.0; SLCC2; .NET CLR 2.0.50727; .NET CLR 3.5.30729; .NET CLR 3.0.30729; Media Center PC 6.0; .NET4.0C; .NET4.0E; InfoPath.3; rv:11.0) like Gecko"
[Thu Mar 09 2017 01:31:38 GMT+0800 (CST)] "[36mGET[39m [36m/libs/stats.js[39m" "Mozilla/5.0 (Windows NT 6.1; WOW64) AppleWebKit/537.36 (KHTML, like Gecko) Chrome/43.0.2357.124 Safari/537.36"
[Thu Mar 09 2017 01:31:38 GMT+0800 (CST)] "[36mGET[39m [36m/libs/dat.gui.js[39m" "Mozilla/5.0 (Windows NT 6.1; WOW64) AppleWebKit/537.36 (KHTML, like Gecko) Chrome/56.0.2924.87 Safari/537.36"
[Thu Mar 09 2017 01:31:39 GMT+0800 (CST)] "[36mGET[39m [36m/libs/CanvasRenderer.js[39m" "Mozilla/5.0 (Windows NT 6.1; WOW64; rv:50.0) Gecko/20100101 Firefox/50.0"
[Thu Mar 09 2017 01:31:39 GMT+0800 (CST)] "[36mGET[39m [36m/libs/Projector.js[39m" "Mozilla/5.0 (Macintosh; Intel Mac OS X 10_12_4) AppleWebKit/537.36 (KHTML, like Gecko) 			Chrome/55.0.2883.95 Safari/537.36"
[Thu Mar 09 2017 01:31:39 GMT+0800 (CST)] "[36mGET[39m [36m/libs/stats.js[39m" "Mozilla/5.0 (Macintosh; Intel Mac OS X 10_12_4) AppleWebKit/537.36 (KHTML, like Gecko) 			Chrome/55.0.2883.95 Safari/537.36"
[Thu Mar 09 2017 01:31:40 GMT+0800 (CST)] "[36mGET[39m [36m/libs/dat.gui.js[39m" "Mozilla/5.0 (Windows NT 6.1; WOW64) AppleWebKit/537.36 (KHTML, like Gecko) Chrome/53.0.2785.104 Safari/537.36 Core/1.53.2141.400 QQBrowser/9.5.10219.400"
[Thu Mar 09 2017 01:49:41 GMT+0800 (CST)] "[36mGET[39m [36mhttp://www.baidu.com/cache/global/img/gs.gif[39m" "Mozilla"
[Thu Mar 09 2017 01:49:41 GMT+0800 (CST)] "[31mGET[39m [31mhttp://www.baidu.com/cache/global/img/gs.gif[39m" Error ([31m404[39m): "[31mNot found[39m"
[Thu Mar 09 2017 02:00:19 GMT+0800 (CST)] "[36mGET[39m [36mhttp://www.baidu.com/favicon.ico[39m" "Mozilla/5.0 (Macintosh; Intel Mac OS X 10_11_6) AppleWebKit/537.36 (KHTML, like Gecko) Chrome/53.0.2785.116 Safari/537.36"
[Thu Mar 09 2017 02:00:19 GMT+0800 (CST)] "[31mGET[39m [31mhttp://www.baidu.com/favicon.ico[39m" Error ([31m404[39m): "[31mNot found[39m"
[Thu Mar 09 2017 02:22:08 GMT+0800 (CST)] "[36mGET[39m [36m/pmd[39m" "Mozilla/4.0 (compatible; MSIE 9.0; Windows NT 6.1)"
[Thu Mar 09 2017 02:22:08 GMT+0800 (CST)] "[31mGET[39m [31m/pmd[39m" Error ([31m404[39m): "[31mNot found[39m"
[Thu Mar 09 2017 02:22:21 GMT+0800 (CST)] "[36mGET[39m [36m/phpmyadmin[39m" "Mozilla/4.0 (compatible; MSIE 9.0; Windows NT 6.1)"
[Thu Mar 09 2017 02:22:21 GMT+0800 (CST)] "[31mGET[39m [31m/phpmyadmin[39m" Error ([31m404[39m): "[31mNot found[39m"
[Thu Mar 09 2017 02:23:29 GMT+0800 (CST)] "[36mGET[39m [36m/chapter-09[39m" "Mozilla/5.0 (Windows NT 6.1; WOW64) AppleWebKit/537.36 (KHTML, like Gecko) Chrome/43.0.2357.124 Safari/537.36"
[Thu Mar 09 2017 02:23:29 GMT+0800 (CST)] "[36mGET[39m [36m/chapter-09/[39m" "Mozilla/5.0 (Windows NT 6.1; WOW64) AppleWebKit/537.36 (KHTML, like Gecko) Chrome/43.0.2357.124 Safari/537.36"
[Thu Mar 09 2017 02:47:00 GMT+0800 (CST)] "[36mGET[39m [36m/chapter-07[39m" "Mozilla/5.0 (Windows NT 6.1; WOW64; rv:50.0) Gecko/20100101 Firefox/50.0"
[Thu Mar 09 2017 02:47:00 GMT+0800 (CST)] "[36mGET[39m [36m/chapter-07/[39m" "Mozilla/5.0 (Windows NT 6.1; WOW64; rv:50.0) Gecko/20100101 Firefox/50.0"
[Thu Mar 09 2017 02:59:17 GMT+0800 (CST)] "[36mGET[39m [36m/manager/html[39m" "Mozilla/5.0 (Windows NT 6.1; WOW64; rv:50.0) Gecko/20100101 Firefox/50.0"
[Thu Mar 09 2017 02:59:17 GMT+0800 (CST)] "[31mGET[39m [31m/manager/html[39m" Error ([31m404[39m): "[31mNot found[39m"
[Thu Mar 09 2017 03:09:43 GMT+0800 (CST)] "[36mGET[39m [36m/assets/textures/seafloor.dds[39m" "Mozilla/5.0 (iPhone; CPU iPhone OS 9_3_4 like Mac OS X) AppleWebKit/601.1.46 (KHTML, like Gecko) Mobile/13G35 QQ/6.5.3.410 V1_IPH_SQ_6.5.3_1_APP_A Pixel/750 Core/UIWebView NetType/2G Mem/117"
[Thu Mar 09 2017 03:09:53 GMT+0800 (CST)] "[36mGET[39m [36m/assets/textures/seafloor.dds[39m" "Mozilla/5.0 (Macintosh; Intel Mac OS X 10_12_4) AppleWebKit/537.36 (KHTML, like Gecko) 			Chrome/55.0.2883.95 Safari/537.36"
[Thu Mar 09 2017 03:23:12 GMT+0800 (CST)] "[36mGET[39m [36m/chapter-04/06-mesh-lambert-material.html[39m" "Mozilla/5.0 (Windows NT 6.1; WOW64) AppleWebKit/537.36 (KHTML, like Gecko) Chrome/56.0.2924.87 Safari/537.36"
[Thu Mar 09 2017 03:23:12 GMT+0800 (CST)] "[36mGET[39m [36m/chapter-12[39m" "Mozilla/5.0 (Windows NT 6.1; WOW64) AppleWebKit/537.36 (KHTML, like Gecko) Chrome/56.0.2924.87 Safari/537.36"
[Thu Mar 09 2017 03:23:12 GMT+0800 (CST)] "[36mGET[39m [36m/libs/three.js[39m" "Mozilla/5.0 (Macintosh; Intel Mac OS X 10_12_4) AppleWebKit/537.36 (KHTML, like Gecko) 			Chrome/55.0.2883.95 Safari/537.36"
[Thu Mar 09 2017 03:23:12 GMT+0800 (CST)] "[36mGET[39m [36m/chapter-12/[39m" "Mozilla/5.0 (Windows NT 6.1; WOW64) AppleWebKit/537.36 (KHTML, like Gecko) Chrome/56.0.2924.87 Safari/537.36"
[Thu Mar 09 2017 03:23:12 GMT+0800 (CST)] "[36mGET[39m [36m/libs/stats.js[39m" "Mozilla/5.0 (Macintosh; Intel Mac OS X 10_12_4) AppleWebKit/537.36 (KHTML, like Gecko) 			Chrome/55.0.2883.95 Safari/537.36"
[Thu Mar 09 2017 03:23:12 GMT+0800 (CST)] "[36mGET[39m [36m/libs/dat.gui.js[39m" "Mozilla/5.0 (Macintosh; Intel Mac OS X 10_12_4) AppleWebKit/537.36 (KHTML, like Gecko) 			Chrome/55.0.2883.95 Safari/537.36"
[Thu Mar 09 2017 03:23:13 GMT+0800 (CST)] "[36mGET[39m [36m/libs/CanvasRenderer.js[39m" "Mozilla/5.0 (Macintosh; Intel Mac OS X 10_12_4) AppleWebKit/537.36 (KHTML, like Gecko) 			Chrome/55.0.2883.95 Safari/537.36"
[Thu Mar 09 2017 03:23:13 GMT+0800 (CST)] "[36mGET[39m [36m/libs/Projector.js[39m" "Mozilla/5.0 (Windows NT 6.1; WOW64) AppleWebKit/537.36 (KHTML, like Gecko) Chrome/53.0.2785.104 Safari/537.36 Core/1.53.2141.400 QQBrowser/9.5.10219.400"
[Thu Mar 09 2017 03:51:03 GMT+0800 (CST)] "[36mGET[39m [36m/chapter-04[39m" "Mozilla/5.0 (Windows NT 6.1; WOW64) AppleWebKit/537.36 (KHTML, like Gecko) Chrome/53.0.2785.104 Safari/537.36 Core/1.53.2141.400 QQBrowser/9.5.10219.400"
[Thu Mar 09 2017 03:51:03 GMT+0800 (CST)] "[36mGET[39m [36m/chapter-04/[39m" "Mozilla/5.0 (Windows NT 6.1; WOW64) AppleWebKit/537.36 (KHTML, like Gecko) Chrome/53.0.2785.104 Safari/537.36 Core/1.53.2141.400 QQBrowser/9.5.10219.400"
[Thu Mar 09 2017 03:54:11 GMT+0800 (CST)] "[36mGET[39m [36m/chapter-10/01-basic-texture-dds.html[39m" "Mozilla/5.0 (iPhone; CPU iPhone OS 9_3_4 like Mac OS X) AppleWebKit/601.1.46 (KHTML, like Gecko) Mobile/13G35 QQ/6.5.3.410 V1_IPH_SQ_6.5.3_1_APP_A Pixel/750 Core/UIWebView NetType/2G Mem/117"
[Thu Mar 09 2017 04:23:09 GMT+0800 (CST)] "[36mGET[39m [36m/chapter-05/01-basic-2d-geometries-plane.html[39m" "Mozilla/5.0 (Windows NT 6.1; WOW64) AppleWebKit/537.36 (KHTML, like Gecko) Chrome/56.0.2924.87 Safari/537.36"
[Thu Mar 09 2017 04:23:09 GMT+0800 (CST)] "[36mGET[39m [36m/libs/three.js[39m" "Mozilla/5.0 (Windows NT 6.1; WOW64; rv:50.0) Gecko/20100101 Firefox/50.0"
[Thu Mar 09 2017 04:23:09 GMT+0800 (CST)] "[36mGET[39m [36m/libs/stats.js[39m" "Mozilla/5.0 (Macintosh; Intel Mac OS X 10_12_4) AppleWebKit/537.36 (KHTML, like Gecko) 			Chrome/55.0.2883.95 Safari/537.36"
[Thu Mar 09 2017 04:23:10 GMT+0800 (CST)] "[36mGET[39m [36m/libs/dat.gui.js[39m" "Mozilla/5.0 (Windows NT 6.1; WOW64) AppleWebKit/537.36 (KHTML, like Gecko) Chrome/43.0.2357.124 Safari/537.36"
[Thu Mar 09 2017 04:36:36 GMT+0800 (CST)] "[36mGET[39m [36m/chapter-04/05-mesh-face-material.html[39m" "Mozilla/5.0 (iPhone; CPU iPhone OS 9_3_4 like Mac OS X) AppleWebKit/601.1.46 (KHTML, like Gecko) Mobile/13G35 QQ/6.5.3.410 V1_IPH_SQ_6.5.3_1_APP_A Pixel/750 Core/UIWebView NetType/2G Mem/117"
[Thu Mar 09 2017 05:00:24 GMT+0800 (CST)] "[36mGET[39m [36mhttp://www.baidu.com/cache/global/img/gs.gif[39m" "Mozilla"
[Thu Mar 09 2017 05:00:24 GMT+0800 (CST)] "[31mGET[39m [31mhttp://www.baidu.com/cache/global/img/gs.gif[39m" Error ([31m404[39m): "[31mNot found[39m"
[Thu Mar 09 2017 05:02:43 GMT+0800 (CST)] "[36mGET[39m [36m/[39m" "Mozilla/4.0 (compatible; MSIE 6.0; Windows NT 5.1"
[Thu Mar 09 2017 05:59:37 GMT+0800 (CST)] "[36mGET[39m [36m/pmd[39m" "Mozilla/5.0 (Windows NT 6.1; WOW64) AppleWebKit/537.36 (KHTML, like Gecko) Chrome/43.0.2357.124 Safari/537.36"
[Thu Mar 09 2017 05:59:37 GMT+0800 (CST)] "[31mGET[39m [31m/pmd[39m" Error ([31m404[39m): "[31mNot found[39m"
[Thu Mar 09 2017 06:28:17 GMT+0800 (CST)] "[36mGET[39m [36m/chapter-10/01-basic-texture-dds.html[39m" "Mozilla/5.0 (Macintosh; Intel Mac OS X 10_12_4) AppleWebKit/537.36 (KHTML, like Gecko) 			Chrome/55.0.2883.95 Safari/537.36"
[Thu Mar 09 2017 06:28:17 GMT+0800 (CST)] "[36mGET[39m [36m/libs/three.js[39m" "Mozilla/5.0 (Windows NT 6.1; WOW64) AppleWebKit/537.36 (KHTML, like Gecko) Chrome/43.0.2357.124 Safari/537.36"
[Thu Mar 09 2017 06:28:17 GMT+0800 (CST)] "[36mGET[39m [36m/libs/stats.js[39m" "Mozilla/5.0 (Windows NT 6.1; WOW64; Trident/7.0; SLCC2; .NET CLR 2.0.50727; .NET CLR 3.5.30729; .NET CLR 3.0.30729; Media Center PC 6.0; .NET4.0C; .NET4.0E; InfoPath.3; rv:11.0) like Gecko"
[Thu Mar 09 2017 06:28:17 GMT+0800 (CST)] "[36mGET[39m [36m/libs/dat.gui.js[39m" "Mozilla/5.0 (Windows NT 6.1; WOW64) AppleWebKit/537.36 (KHTML, like Gecko) Chrome/53.0.2785.104 Safari/537.36 Core/1.53.2141.400 QQBrowser/9.5.10219.400"
[Thu Mar 09 2017 06:28:18 GMT+0800 (CST)] "[36mGET[39m [36m/libs/DDSLoader.js[39m" "Mozilla/5.0 (Windows NT 6.1; WOW64) AppleWebKit/537.36 (KHTML, like Gecko) Chrome/56.0.2924.87 Safari/537.36"
[Thu Mar 09 2017 07:06:39 GMT+0800 (CST)] "[36mGET[39m [36m/chapter-05/01-basic-2d-geometries-plane.html[39m" "Mozilla/5.0 (iPhone; CPU iPhone OS 9_3_4 like Mac OS X) AppleWebKit/601.1.46 (KHTML, like Gecko) Mobile/13G35 QQ/6.5.3.410 V1_IPH_SQ_6.5.3_1_APP_A Pixel/750 Core/UIWebView NetType/2G Mem/117"
[Thu Mar 09 2017 07:26:01 GMT+0800 (CST)] "[36mGET[39m [36mhttp://www.baidu.com/cache/global/img/gs.gif[39m" "Mozilla"
[Thu Mar 09 2017 07:26:01 GMT+0800 (CST)] "[31mGET[39m [31mhttp://www.baidu.com/cache/global/img/gs.gif[39m" Error ([31m404[39m): "[31mNot found[39m"
[Thu Mar 09 2017 07:50:55 GMT+0800 (CST)] "[36mGET[39m [36mhttp://www.baidu.com/favicon.ico[39m" "Mozilla/5.0 (Macintosh; Intel Mac OS X 10_11_6) AppleWebKit/537.36 (KHTML, like Gecko) Chrome/53.0.2785.116 Safari/537.36"
[Thu Mar 09 2017 07:50:55 GMT+0800 (CST)] "[31mGET[39m [31mhttp://www.baidu.com/favicon.ico[39m" Error ([31m404[39m): "[31mNot found[39m"
[Thu Mar 09 2017 07:55:07 GMT+0800 (CST)] "[36mGET[39m [36m/[39m" "undefined"
